<?xml version="1.0" encoding="UTF-8"?>
<robot generator="Robot 7.0.1 (Python 3.11.9 on win32)" generated="2024-09-02T22:27:56.504823" rpa="false" schemaversion="5">
<suite id="s1" name="TC1" source="E:\Code\Robot_framework\setUpframework\Testcases\TC1.robot">
<test id="s1-t1" name="OpenWebsite" line="4">
<kw name="Open Browser" owner="SeleniumLibrary">
<msg time="2024-09-02T22:27:56.871417" level="INFO">Opening browser 'chrome' to base url 'https://www.google.com/'.</msg>
<arg>https://www.google.com/</arg>
<arg>chrome</arg>
<doc>Opens a new browser instance to the optional ``url``.</doc>
<status status="PASS" start="2024-09-02T22:27:56.871417" elapsed="4.247494"/>
</kw>
<kw name="Maximize Browser Window" owner="SeleniumLibrary">
<doc>Maximizes current browser window.</doc>
<status status="PASS" start="2024-09-02T22:28:01.118911" elapsed="0.058514"/>
</kw>
<status status="PASS" start="2024-09-02T22:27:56.871417" elapsed="4.307816"/>
</test>
<status status="PASS" start="2024-09-02T22:27:56.507509" elapsed="4.674552"/>
</suite>
<statistics>
<total>
<stat pass="1" fail="0" skip="0">All Tests</stat>
</total>
<tag>
</tag>
<suite>
<stat pass="1" fail="0" skip="0" id="s1" name="TC1">TC1</stat>
</suite>
</statistics>
<errors>
</errors>
</robot>
